[2017-07-20 10:48:28]SELECT * FROM `y1_hd_sign` WHERE `user_id`='2744' AND `sign_time`='2017-07-20 00:00:00'
[2017-07-20 10:48:28]SELECT * FROM `y1_appoint_borrow` WHERE `id`='609'
[2017-07-20 10:48:28]SELECT * FROM `y1_project` WHERE `id`='102'
[2017-07-20 10:48:28]SELECT * FROM `y1_appoint_borrow_invest` WHERE `borrow_id`='609' ORDER BY id desc LIMIT 0,20
[2017-07-20 10:48:28]SELECT COUNT(0) FROM `y1_appoint_borrow_invest` WHERE `borrow_id`='609'
[2017-07-20 10:48:28]SELECT * FROM `y1_user` WHERE `id`='2744'
[2017-07-20 10:48:28]SELECT * FROM `y1_user` WHERE `id`='2744'
[2017-07-20 10:48:28]SELECT * FROM `y1_new_account` WHERE `user_id`='2744'
[2017-07-20 10:48:28]SELECT * FROM `y1_user` WHERE `id`='2744'
[2017-07-20 10:48:28]SELECT * FROM `y1_associated_company` WHERE `id`='41'
[2017-07-20 10:48:28]SELECT * FROM `y1_associated_company` WHERE `id`='41'
[2017-07-20 10:48:28]SELECT * FROM `y1_associated_company` WHERE `id`='41'
[2017-07-20 10:48:28]SELECT * FROM `y1_appoint_borrow_invest` WHERE `user_id`='2744' AND `borrow_id`='609' ORDER BY id desc LIMIT 0,20
[2017-07-20 10:48:28]SELECT COUNT(0) FROM `y1_appoint_borrow_invest` WHERE `user_id`='2744' AND `borrow_id`='609'
[2017-07-20 10:48:28]select a.id,a.money,b.need_invest_money,b.borrow_type, c.mixed_use from y1_red_bag_log a left join y1_red_bag_use_rule b on a.rule_id=b.id left join y1_red_bag c on a.red_bag_id=c.id where a.user_id = 2744 and a.use_status = '未使用'  and c.end_time >= '2017-07-20 10:48:28' and c.start_time <= '2017-07-20 10:48:28' and b.borrow_type like '%私人尊享%' ORDER BY a.money ASC
[2017-07-20 10:48:28]SELECT * FROM `y1_yyy_borrow` WHERE `borrow_status`='发布'
[2017-07-20 10:48:28]SELECT * FROM `y1_borrow` WHERE `borrow_status`='发布' and `borrow_status`='发布' and `borrow_type`='新手标' ORDER BY  id ASC 
[2017-07-20 10:48:28]SELECT * FROM `y1_borrow` WHERE `id`='1355'
[2017-07-20 10:48:28]SELECT * FROM `y1_borrow` WHERE `id`='1356'
[2017-07-20 10:48:28]SELECT * FROM `y1_borrow` WHERE `id`='1362'
[2017-07-20 10:48:28]SELECT * FROM `y1_borrow` WHERE `id`='1367'
[2017-07-20 10:48:28]SELECT * FROM `y1_borrow` WHERE `id`='1370'
[2017-07-20 10:48:28]SELECT * FROM `y1_borrow` WHERE `id`='1373'
[2017-07-20 10:48:28]SELECT * FROM `y1_borrow` WHERE `id`='1375'
[2017-07-20 10:48:28]SELECT * FROM `y1_borrow` WHERE `id`='1380'
[2017-07-20 10:48:28]SELECT * FROM `y1_borrow` WHERE `id`='1383'
[2017-07-20 10:48:28]SELECT * FROM `y1_borrow` WHERE `id`='1384'
[2017-07-20 10:48:28]SELECT * FROM `y1_borrow` WHERE `id`='1385'
[2017-07-20 10:48:28]SELECT * FROM `y1_borrow` WHERE `id`='1386'
[2017-07-20 10:48:28]SELECT * FROM `y1_borrow` WHERE `id`='1387'
[2017-07-20 10:48:28]SELECT * FROM `y1_borrow` WHERE `id`='1388'
[2017-07-20 10:48:28]SELECT * FROM `y1_borrow` WHERE `id`='1389'
[2017-07-20 10:48:28]SELECT * FROM `y1_borrow` WHERE `id`='1390'
[2017-07-20 10:48:28]SELECT * FROM `y1_borrow` WHERE `id`='1391'
[2017-07-20 10:48:28]SELECT * FROM `y1_borrow` WHERE `id`='1392'
[2017-07-20 10:48:28]SELECT * FROM `y1_borrow` WHERE `id`='1393'
[2017-07-20 10:48:28]SELECT * FROM `y1_borrow` WHERE `id`='1394'
[2017-07-20 10:48:28]SELECT * FROM `y1_borrow` WHERE `id`='1412'
[2017-07-20 10:48:28]SELECT * FROM `y1_borrow` WHERE `id`='1413'
[2017-07-20 10:48:28]SELECT * FROM `y1_borrow` WHERE `id`='1417'
[2017-07-20 10:48:28]SELECT * FROM `y1_borrow` WHERE `id`='1421'
[2017-07-20 10:48:28]SELECT * FROM `y1_borrow` WHERE `id`='1503'
[2017-07-20 10:48:28]SELECT * FROM `y1_borrow` WHERE `id`='1507'
[2017-07-20 10:48:28]SELECT * FROM `y1_borrow` WHERE `id`='1508'
[2017-07-20 10:48:28]SELECT * FROM `y1_borrow` WHERE `id`='1510'
[2017-07-20 10:48:28]SELECT * FROM `y1_borrow` WHERE `id`='1511'
[2017-07-20 10:48:28]SELECT * FROM `y1_borrow` WHERE `id`='1512'
[2017-07-20 10:48:28]SELECT * FROM `y1_borrow` WHERE `id`='1513'
[2017-07-20 10:48:28]SELECT * FROM `y1_borrow` WHERE `id`='1515'
[2017-07-20 10:48:28]SELECT * FROM `y1_borrow` WHERE `id`='1516'
[2017-07-20 10:48:28]SELECT * FROM `y1_borrow` WHERE `id`='1517'
[2017-07-20 10:48:28]SELECT * FROM `y1_borrow` WHERE `id`='1518'
[2017-07-20 10:48:28]SELECT * FROM `y1_borrow` WHERE `id`='1519'
[2017-07-20 10:48:28]SELECT * FROM `y1_borrow` WHERE `id`='1520'
[2017-07-20 10:48:28]SELECT * FROM `y1_borrow` WHERE `id`='1521'
[2017-07-20 10:48:28]SELECT * FROM `y1_borrow` WHERE `id`='1522'
[2017-07-20 10:48:28]SELECT * FROM `y1_borrow` WHERE `id`='1523'
[2017-07-20 10:48:28]SELECT * FROM `y1_borrow` WHERE `id`='1524'
[2017-07-20 10:48:28]SELECT * FROM `y1_borrow` WHERE `id`='1525'
[2017-07-20 10:48:28]SELECT * FROM `y1_borrow` WHERE `id`='1555'
[2017-07-20 10:48:28]SELECT * FROM `y1_borrow` WHERE `id`='1575'
[2017-07-20 10:48:28]SELECT * FROM `y1_borrow` WHERE `id`='1625'
[2017-07-20 10:48:28]SELECT * FROM `y1_borrow` WHERE `id`='1682'
[2017-07-20 10:48:28]SELECT * FROM `y1_borrow` WHERE `id`='17269'
[2017-07-20 10:48:28]SELECT * FROM `y1_borrow` WHERE `id`='172768'
[2017-07-20 10:48:28]SELECT * FROM `y1_borrow` WHERE `id`='172769'
[2017-07-20 10:48:28]SELECT * FROM `y1_borrow` WHERE `id`='172775'
[2017-07-20 10:48:28]SELECT * FROM `y1_borrow` WHERE `id`='172830'
[2017-07-20 10:48:28]SELECT * FROM `y1_borrow` WHERE `id`='172846'
[2017-07-20 10:48:28]SELECT COUNT(0) FROM `y1_borrow` WHERE `borrow_type`='vip' AND `borrow_status`='发布'
[2017-07-20 10:48:28]SELECT min(start_time) AS start_time FROM y1_wdy_borrow WHERE is_show='是' AND borrow_status='发布' AND money_status = '未满标'
[2017-07-20 10:48:28]SELECT * FROM y1_wdy_borrow WHERE is_show='是' AND borrow_status='发布' AND money_status = '已满标' ORDER BY id DESC
[2017-07-20 10:48:35]SELECT * FROM `y1_project` WHERE `status`='发布' ORDER BY  id desc  LIMIT 0,1000
[2017-07-20 10:48:35]SELECT COUNT(0) FROM `y1_project` WHERE `status`='发布'
[2017-07-20 10:48:35]SELECT * FROM `y1_user` WHERE (  `type`='外部借款' or `type`='内部借款')
[2017-07-20 10:48:51]SELECT max(IFNULL(borrow_period,0)) + 1 as borrow_period FROM `y1_appoint_borrow`
[2017-07-20 10:48:51]SET AUTOCOMMIT=0;
[2017-07-20 10:48:51]INSERT INTO `y1_appoint_borrow` (`project_id`,`user_id`,`user_type`,`appoint_id`,`borrow_period`,`total_money`,`invest_lowest`,`invest_highest`,`invest_period`,`collect_period`,`interest_rate`,`repay_way`,`is_auto_publish`,`plan_publish_time`,`appoint_user_id`,`borrow_name`,`add_ip`,`add_time`) VALUES ('105','861','','0','163','150000','150000','150000','32','5','6.1','到期还本付息','否','2017-07-20 10:00:00','0','私人尊享-第163期','127.0.0.1','2017-07-20 10:48:51')
[2017-07-20 10:48:51]COMMIT;
[2017-07-20 10:48:52]SELECT * FROM `y1_appoint_borrow` ORDER BY add_time desc LIMIT 0,20
[2017-07-20 10:48:52]SELECT COUNT(0) FROM `y1_appoint_borrow`
[2017-07-20 10:48:52]SELECT interest_end_time,invest_status FROM `y1_appoint_borrow_invest` WHERE `borrow_id`='607'
[2017-07-20 10:48:52]SELECT interest_end_time,invest_status FROM `y1_appoint_borrow_invest` WHERE `borrow_id`='605'
[2017-07-20 10:48:52]SELECT interest_end_time,invest_status FROM `y1_appoint_borrow_invest` WHERE `borrow_id`='606'
[2017-07-20 10:48:52]SELECT interest_end_time,invest_status FROM `y1_appoint_borrow_invest` WHERE `borrow_id`='610'
[2017-07-20 10:48:52]SELECT interest_end_time,invest_status FROM `y1_appoint_borrow_invest` WHERE `borrow_id`='609'
[2017-07-20 10:48:52]SELECT interest_end_time,invest_status FROM `y1_appoint_borrow_invest` WHERE `borrow_id`='608'
[2017-07-20 10:48:52]SELECT interest_end_time,invest_status FROM `y1_appoint_borrow_invest` WHERE `borrow_id`='599'
[2017-07-20 10:48:52]SELECT interest_end_time,invest_status FROM `y1_appoint_borrow_invest` WHERE `borrow_id`='604'
[2017-07-20 10:48:52]SELECT interest_end_time,invest_status FROM `y1_appoint_borrow_invest` WHERE `borrow_id`='603'
[2017-07-20 10:48:52]SELECT interest_end_time,invest_status FROM `y1_appoint_borrow_invest` WHERE `borrow_id`='602'
[2017-07-20 10:48:52]SELECT interest_end_time,invest_status FROM `y1_appoint_borrow_invest` WHERE `borrow_id`='601'
[2017-07-20 10:48:52]SELECT interest_end_time,invest_status FROM `y1_appoint_borrow_invest` WHERE `borrow_id`='600'
[2017-07-20 10:48:52]SELECT interest_end_time,invest_status FROM `y1_appoint_borrow_invest` WHERE `borrow_id`='598'
[2017-07-20 10:48:52]SELECT interest_end_time,invest_status FROM `y1_appoint_borrow_invest` WHERE `borrow_id`='597'
[2017-07-20 10:48:52]SELECT interest_end_time,invest_status FROM `y1_appoint_borrow_invest` WHERE `borrow_id`='596'
[2017-07-20 10:48:52]SELECT interest_end_time,invest_status FROM `y1_appoint_borrow_invest` WHERE `borrow_id`='595'
[2017-07-20 10:48:52]SELECT interest_end_time,invest_status FROM `y1_appoint_borrow_invest` WHERE `borrow_id`='594'
[2017-07-20 10:48:52]SELECT interest_end_time,invest_status FROM `y1_appoint_borrow_invest` WHERE `borrow_id`='593'
[2017-07-20 10:48:52]SELECT interest_end_time,invest_status FROM `y1_appoint_borrow_invest` WHERE `borrow_id`='592'
[2017-07-20 10:48:52]SELECT interest_end_time,invest_status FROM `y1_appoint_borrow_invest` WHERE `borrow_id`='591'
[2017-07-20 10:48:54]SELECT * FROM `y1_project` WHERE `status`='发布' ORDER BY  id desc  LIMIT 0,1000
[2017-07-20 10:48:54]SELECT COUNT(0) FROM `y1_project` WHERE `status`='发布'
[2017-07-20 10:48:55]SELECT * FROM `y1_user` WHERE (  `type`='外部借款' or `type`='内部借款')
[2017-07-20 10:48:55]SELECT * FROM `y1_appoint_borrow` WHERE `id`='610'
[2017-07-20 10:48:57]SELECT * FROM `y1_appoint_borrow` WHERE `id`='610'
[2017-07-20 10:48:57]SELECT * FROM `y1_appoint_borrow` WHERE `id`='610'
[2017-07-20 10:48:57]UPDATE `y1_appoint_borrow` SET `project_id`='105',`user_id`='861',`total_money`='150000.00',`start_time`='0000-00-00 00:00:00',`invest_lowest`='150000.00',`invest_highest`='150000.00',`invest_period`='32',`collect_period`='5',`interest_rate`='6.10',`repay_way`='到期还本付息',`borrow_status`='审核通过',`is_auto_publish`='否',`plan_publish_time`='2017-07-20 10:00:00',`is_show`='是',`update_time`='2017-07-20 10:48:57' WHERE `id`='610'
[2017-07-20 10:48:58]SELECT * FROM `y1_appoint_borrow` ORDER BY add_time desc LIMIT 0,20
[2017-07-20 10:48:58]SELECT COUNT(0) FROM `y1_appoint_borrow`
[2017-07-20 10:48:58]SELECT interest_end_time,invest_status FROM `y1_appoint_borrow_invest` WHERE `borrow_id`='607'
[2017-07-20 10:48:58]SELECT interest_end_time,invest_status FROM `y1_appoint_borrow_invest` WHERE `borrow_id`='605'
[2017-07-20 10:48:58]SELECT interest_end_time,invest_status FROM `y1_appoint_borrow_invest` WHERE `borrow_id`='606'
[2017-07-20 10:48:58]SELECT interest_end_time,invest_status FROM `y1_appoint_borrow_invest` WHERE `borrow_id`='610'
[2017-07-20 10:48:58]SELECT interest_end_time,invest_status FROM `y1_appoint_borrow_invest` WHERE `borrow_id`='609'
[2017-07-20 10:48:58]SELECT interest_end_time,invest_status FROM `y1_appoint_borrow_invest` WHERE `borrow_id`='608'
[2017-07-20 10:48:58]SELECT interest_end_time,invest_status FROM `y1_appoint_borrow_invest` WHERE `borrow_id`='599'
[2017-07-20 10:48:58]SELECT interest_end_time,invest_status FROM `y1_appoint_borrow_invest` WHERE `borrow_id`='604'
[2017-07-20 10:48:58]SELECT interest_end_time,invest_status FROM `y1_appoint_borrow_invest` WHERE `borrow_id`='603'
[2017-07-20 10:48:58]SELECT interest_end_time,invest_status FROM `y1_appoint_borrow_invest` WHERE `borrow_id`='602'
[2017-07-20 10:48:58]SELECT interest_end_time,invest_status FROM `y1_appoint_borrow_invest` WHERE `borrow_id`='601'
[2017-07-20 10:48:58]SELECT interest_end_time,invest_status FROM `y1_appoint_borrow_invest` WHERE `borrow_id`='600'
[2017-07-20 10:48:58]SELECT interest_end_time,invest_status FROM `y1_appoint_borrow_invest` WHERE `borrow_id`='598'
[2017-07-20 10:48:58]SELECT interest_end_time,invest_status FROM `y1_appoint_borrow_invest` WHERE `borrow_id`='597'
[2017-07-20 10:48:58]SELECT interest_end_time,invest_status FROM `y1_appoint_borrow_invest` WHERE `borrow_id`='596'
[2017-07-20 10:48:58]SELECT interest_end_time,invest_status FROM `y1_appoint_borrow_invest` WHERE `borrow_id`='595'
[2017-07-20 10:48:58]SELECT interest_end_time,invest_status FROM `y1_appoint_borrow_invest` WHERE `borrow_id`='594'
[2017-07-20 10:48:58]SELECT interest_end_time,invest_status FROM `y1_appoint_borrow_invest` WHERE `borrow_id`='593'
[2017-07-20 10:48:58]SELECT interest_end_time,invest_status FROM `y1_appoint_borrow_invest` WHERE `borrow_id`='592'
[2017-07-20 10:48:58]SELECT interest_end_time,invest_status FROM `y1_appoint_borrow_invest` WHERE `borrow_id`='591'
[2017-07-20 10:48:59]SELECT * FROM `y1_project` WHERE `status`='发布' ORDER BY  id desc  LIMIT 0,1000
[2017-07-20 10:48:59]SELECT COUNT(0) FROM `y1_project` WHERE `status`='发布'
[2017-07-20 10:48:59]SELECT * FROM `y1_user` WHERE (  `type`='外部借款' or `type`='内部借款')
[2017-07-20 10:48:59]SELECT * FROM `y1_appoint_borrow` WHERE `id`='610'
[2017-07-20 10:49:01]SELECT * FROM `y1_appoint_borrow` WHERE `id`='610'
[2017-07-20 10:49:01]SET AUTOCOMMIT=0;
[2017-07-20 10:49:01]UPDATE `y1_appoint_borrow` SET `is_auto_publish`='否',`publish_type`='手动',`borrow_status`='发布',`start_time`='2017-07-20 10:49:01',`update_time`='2017-07-20 10:49:01' WHERE `id`='610'
[2017-07-20 10:49:01]COMMIT;
[2017-07-20 10:49:02]SELECT * FROM `y1_appoint_borrow` ORDER BY add_time desc LIMIT 0,20
[2017-07-20 10:49:02]SELECT COUNT(0) FROM `y1_appoint_borrow`
[2017-07-20 10:49:02]SELECT interest_end_time,invest_status FROM `y1_appoint_borrow_invest` WHERE `borrow_id`='607'
[2017-07-20 10:49:02]SELECT interest_end_time,invest_status FROM `y1_appoint_borrow_invest` WHERE `borrow_id`='605'
[2017-07-20 10:49:02]SELECT interest_end_time,invest_status FROM `y1_appoint_borrow_invest` WHERE `borrow_id`='606'
[2017-07-20 10:49:02]SELECT interest_end_time,invest_status FROM `y1_appoint_borrow_invest` WHERE `borrow_id`='610'
[2017-07-20 10:49:02]SELECT interest_end_time,invest_status FROM `y1_appoint_borrow_invest` WHERE `borrow_id`='609'
[2017-07-20 10:49:02]SELECT interest_end_time,invest_status FROM `y1_appoint_borrow_invest` WHERE `borrow_id`='608'
[2017-07-20 10:49:02]SELECT interest_end_time,invest_status FROM `y1_appoint_borrow_invest` WHERE `borrow_id`='599'
[2017-07-20 10:49:02]SELECT interest_end_time,invest_status FROM `y1_appoint_borrow_invest` WHERE `borrow_id`='604'
[2017-07-20 10:49:02]SELECT interest_end_time,invest_status FROM `y1_appoint_borrow_invest` WHERE `borrow_id`='603'
[2017-07-20 10:49:02]SELECT interest_end_time,invest_status FROM `y1_appoint_borrow_invest` WHERE `borrow_id`='602'
[2017-07-20 10:49:02]SELECT interest_end_time,invest_status FROM `y1_appoint_borrow_invest` WHERE `borrow_id`='601'
[2017-07-20 10:49:02]SELECT interest_end_time,invest_status FROM `y1_appoint_borrow_invest` WHERE `borrow_id`='600'
[2017-07-20 10:49:02]SELECT interest_end_time,invest_status FROM `y1_appoint_borrow_invest` WHERE `borrow_id`='598'
[2017-07-20 10:49:02]SELECT interest_end_time,invest_status FROM `y1_appoint_borrow_invest` WHERE `borrow_id`='597'
[2017-07-20 10:49:02]SELECT interest_end_time,invest_status FROM `y1_appoint_borrow_invest` WHERE `borrow_id`='596'
[2017-07-20 10:49:02]SELECT interest_end_time,invest_status FROM `y1_appoint_borrow_invest` WHERE `borrow_id`='595'
[2017-07-20 10:49:02]SELECT interest_end_time,invest_status FROM `y1_appoint_borrow_invest` WHERE `borrow_id`='594'
[2017-07-20 10:49:02]SELECT interest_end_time,invest_status FROM `y1_appoint_borrow_invest` WHERE `borrow_id`='593'
[2017-07-20 10:49:02]SELECT interest_end_time,invest_status FROM `y1_appoint_borrow_invest` WHERE `borrow_id`='592'
[2017-07-20 10:49:02]SELECT interest_end_time,invest_status FROM `y1_appoint_borrow_invest` WHERE `borrow_id`='591'
[2017-07-20 10:49:10]SELECT * FROM `y1_hd_sign` WHERE `user_id`='2744' AND `sign_time`='2017-07-20 00:00:00'
[2017-07-20 10:49:11]SELECT * FROM `y1_appoint_borrow` WHERE `id`='609'
[2017-07-20 10:49:11]SELECT * FROM `y1_project` WHERE `id`='102'
[2017-07-20 10:49:11]SELECT * FROM `y1_appoint_borrow_invest` WHERE `borrow_id`='609' ORDER BY id desc LIMIT 0,20
[2017-07-20 10:49:11]SELECT COUNT(0) FROM `y1_appoint_borrow_invest` WHERE `borrow_id`='609'
[2017-07-20 10:49:11]SELECT * FROM `y1_user` WHERE `id`='2744'
[2017-07-20 10:49:11]SELECT * FROM `y1_user` WHERE `id`='2744'
[2017-07-20 10:49:11]SELECT * FROM `y1_new_account` WHERE `user_id`='2744'
[2017-07-20 10:49:11]SELECT * FROM `y1_user` WHERE `id`='2744'
[2017-07-20 10:49:11]SELECT * FROM `y1_associated_company` WHERE `id`='41'
[2017-07-20 10:49:11]SELECT * FROM `y1_associated_company` WHERE `id`='41'
[2017-07-20 10:49:11]SELECT * FROM `y1_associated_company` WHERE `id`='41'
[2017-07-20 10:49:11]SELECT * FROM `y1_appoint_borrow_invest` WHERE `user_id`='2744' AND `borrow_id`='609' ORDER BY id desc LIMIT 0,20
[2017-07-20 10:49:11]SELECT COUNT(0) FROM `y1_appoint_borrow_invest` WHERE `user_id`='2744' AND `borrow_id`='609'
[2017-07-20 10:49:11]select a.id,a.money,b.need_invest_money,b.borrow_type, c.mixed_use from y1_red_bag_log a left join y1_red_bag_use_rule b on a.rule_id=b.id left join y1_red_bag c on a.red_bag_id=c.id where a.user_id = 2744 and a.use_status = '未使用'  and c.end_time >= '2017-07-20 10:49:11' and c.start_time <= '2017-07-20 10:49:11' and b.borrow_type like '%私人尊享%' ORDER BY a.money ASC
[2017-07-20 10:49:11]SELECT * FROM `y1_yyy_borrow` WHERE `borrow_status`='发布'
[2017-07-20 10:49:11]SELECT * FROM `y1_borrow` WHERE `borrow_status`='发布' and `borrow_status`='发布' and `borrow_type`='新手标' ORDER BY  id ASC 
[2017-07-20 10:49:11]SELECT * FROM `y1_borrow` WHERE `id`='1355'
[2017-07-20 10:49:11]SELECT * FROM `y1_borrow` WHERE `id`='1356'
[2017-07-20 10:49:11]SELECT * FROM `y1_borrow` WHERE `id`='1362'
[2017-07-20 10:49:11]SELECT * FROM `y1_borrow` WHERE `id`='1367'
[2017-07-20 10:49:11]SELECT * FROM `y1_borrow` WHERE `id`='1370'
[2017-07-20 10:49:11]SELECT * FROM `y1_borrow` WHERE `id`='1373'
[2017-07-20 10:49:11]SELECT * FROM `y1_borrow` WHERE `id`='1375'
[2017-07-20 10:49:11]SELECT * FROM `y1_borrow` WHERE `id`='1380'
[2017-07-20 10:49:11]SELECT * FROM `y1_borrow` WHERE `id`='1383'
[2017-07-20 10:49:11]SELECT * FROM `y1_borrow` WHERE `id`='1384'
[2017-07-20 10:49:11]SELECT * FROM `y1_borrow` WHERE `id`='1385'
[2017-07-20 10:49:11]SELECT * FROM `y1_borrow` WHERE `id`='1386'
[2017-07-20 10:49:11]SELECT * FROM `y1_borrow` WHERE `id`='1387'
[2017-07-20 10:49:11]SELECT * FROM `y1_borrow` WHERE `id`='1388'
[2017-07-20 10:49:11]SELECT * FROM `y1_borrow` WHERE `id`='1389'
[2017-07-20 10:49:11]SELECT * FROM `y1_borrow` WHERE `id`='1390'
[2017-07-20 10:49:11]SELECT * FROM `y1_borrow` WHERE `id`='1391'
[2017-07-20 10:49:11]SELECT * FROM `y1_borrow` WHERE `id`='1392'
[2017-07-20 10:49:11]SELECT * FROM `y1_borrow` WHERE `id`='1393'
[2017-07-20 10:49:11]SELECT * FROM `y1_borrow` WHERE `id`='1394'
[2017-07-20 10:49:11]SELECT * FROM `y1_borrow` WHERE `id`='1412'
[2017-07-20 10:49:11]SELECT * FROM `y1_borrow` WHERE `id`='1413'
[2017-07-20 10:49:11]SELECT * FROM `y1_borrow` WHERE `id`='1417'
[2017-07-20 10:49:11]SELECT * FROM `y1_borrow` WHERE `id`='1421'
[2017-07-20 10:49:11]SELECT * FROM `y1_borrow` WHERE `id`='1503'
[2017-07-20 10:49:11]SELECT * FROM `y1_borrow` WHERE `id`='1507'
[2017-07-20 10:49:11]SELECT * FROM `y1_borrow` WHERE `id`='1508'
[2017-07-20 10:49:11]SELECT * FROM `y1_borrow` WHERE `id`='1510'
[2017-07-20 10:49:11]SELECT * FROM `y1_borrow` WHERE `id`='1511'
[2017-07-20 10:49:11]SELECT * FROM `y1_borrow` WHERE `id`='1512'
[2017-07-20 10:49:11]SELECT * FROM `y1_borrow` WHERE `id`='1513'
[2017-07-20 10:49:11]SELECT * FROM `y1_borrow` WHERE `id`='1515'
[2017-07-20 10:49:11]SELECT * FROM `y1_borrow` WHERE `id`='1516'
[2017-07-20 10:49:11]SELECT * FROM `y1_borrow` WHERE `id`='1517'
[2017-07-20 10:49:11]SELECT * FROM `y1_borrow` WHERE `id`='1518'
[2017-07-20 10:49:11]SELECT * FROM `y1_borrow` WHERE `id`='1519'
[2017-07-20 10:49:11]SELECT * FROM `y1_borrow` WHERE `id`='1520'
[2017-07-20 10:49:11]SELECT * FROM `y1_borrow` WHERE `id`='1521'
[2017-07-20 10:49:11]SELECT * FROM `y1_borrow` WHERE `id`='1522'
[2017-07-20 10:49:11]SELECT * FROM `y1_borrow` WHERE `id`='1523'
[2017-07-20 10:49:11]SELECT * FROM `y1_borrow` WHERE `id`='1524'
[2017-07-20 10:49:11]SELECT * FROM `y1_borrow` WHERE `id`='1525'
[2017-07-20 10:49:11]SELECT * FROM `y1_borrow` WHERE `id`='1555'
[2017-07-20 10:49:11]SELECT * FROM `y1_borrow` WHERE `id`='1575'
[2017-07-20 10:49:11]SELECT * FROM `y1_borrow` WHERE `id`='1625'
[2017-07-20 10:49:11]SELECT * FROM `y1_borrow` WHERE `id`='1682'
[2017-07-20 10:49:11]SELECT * FROM `y1_borrow` WHERE `id`='17269'
[2017-07-20 10:49:11]SELECT * FROM `y1_borrow` WHERE `id`='172768'
[2017-07-20 10:49:11]SELECT * FROM `y1_borrow` WHERE `id`='172769'
[2017-07-20 10:49:11]SELECT * FROM `y1_borrow` WHERE `id`='172775'
[2017-07-20 10:49:11]SELECT * FROM `y1_borrow` WHERE `id`='172830'
[2017-07-20 10:49:11]SELECT * FROM `y1_borrow` WHERE `id`='172846'
[2017-07-20 10:49:11]SELECT COUNT(0) FROM `y1_borrow` WHERE `borrow_type`='vip' AND `borrow_status`='发布'
[2017-07-20 10:49:11]SELECT min(start_time) AS start_time FROM y1_wdy_borrow WHERE is_show='是' AND borrow_status='发布' AND money_status = '未满标'
[2017-07-20 10:49:11]SELECT * FROM y1_wdy_borrow WHERE is_show='是' AND borrow_status='发布' AND money_status = '已满标' ORDER BY id DESC
[2017-07-20 10:49:13]SELECT * FROM `y1_hd_sign` WHERE `user_id`='2744' AND `sign_time`='2017-07-20 00:00:00'
[2017-07-20 10:49:13]SELECT COUNT(0) FROM `y1_borrow_order` WHERE `money_status`='未满标' AND `borrow_status`='发布' AND `is_show`='是' and `is_wap`='否' and `borrow_type`!='新手标'
[2017-07-20 10:49:13]SELECT * FROM `y1_borrow_order` WHERE `money_status`='未满标' AND `borrow_status`='发布' AND `is_show`='是' and `is_wap`='否' AND `borrow_type`!='新手标' ORDER BY new_order asc,full_time desc,add_time desc LIMIT 0,6
[2017-07-20 10:49:13]SELECT COUNT(0) FROM `y1_borrow_order` WHERE `money_status`='未满标' AND `borrow_status`='发布' AND `is_show`='是' and `is_wap`='否' AND `borrow_type`!='新手标'
[2017-07-20 10:49:13]SELECT * FROM `y1_borrow` WHERE `id`='172879'
[2017-07-20 10:49:13]SELECT * FROM `y1_borrow` WHERE `id`='172876'
[2017-07-20 10:49:13]SELECT * FROM `y1_borrow` WHERE `id`='172872'
[2017-07-20 10:49:13]SELECT * FROM `y1_borrow` WHERE `id`='172871'
[2017-07-20 10:49:13]SELECT * FROM `y1_borrow` WHERE `id`='172870'
[2017-07-20 10:49:13]SELECT * FROM `y1_borrow` WHERE `id`='172869'
[2017-07-20 10:49:13]SELECT * FROM `y1_project` WHERE `id`='102'
[2017-07-20 10:49:13]SELECT * FROM `y1_project` WHERE `id`='105'
[2017-07-20 10:49:13]SELECT * FROM `y1_project` WHERE `id`='102'
[2017-07-20 10:49:13]SELECT * FROM `y1_project` WHERE `id`='101'
[2017-07-20 10:49:13]SELECT * FROM `y1_project` WHERE `id`='102'
[2017-07-20 10:49:13]SELECT * FROM `y1_project` WHERE `id`='102'
[2017-07-20 10:49:13]SELECT * FROM `y1_yxb_product` WHERE `status`='已发布'
[2017-07-20 10:49:13]SELECT * FROM `y1_yxb_product` WHERE `status`='已发布' ORDER BY id desc
[2017-07-20 10:49:13]SELECT * FROM `y1_yxb_product_log` WHERE `product_id`='1' AND `date_time`='2017-07-20 00:00:00'
[2017-07-20 10:49:13]SELECT * FROM `y1_borrow` WHERE `borrow_status`='发布' and `borrow_status`='发布' and `borrow_type`='新手标' ORDER BY  id ASC 
[2017-07-20 10:49:13]SELECT * FROM `y1_borrow` WHERE `id`='1355'
[2017-07-20 10:49:13]SELECT * FROM `y1_borrow` WHERE `id`='1356'
[2017-07-20 10:49:13]SELECT * FROM `y1_borrow` WHERE `id`='1362'
[2017-07-20 10:49:13]SELECT * FROM `y1_borrow` WHERE `id`='1367'
[2017-07-20 10:49:13]SELECT * FROM `y1_borrow` WHERE `id`='1370'
[2017-07-20 10:49:13]SELECT * FROM `y1_borrow` WHERE `id`='1373'
[2017-07-20 10:49:13]SELECT * FROM `y1_borrow` WHERE `id`='1375'
[2017-07-20 10:49:13]SELECT * FROM `y1_borrow` WHERE `id`='1380'
[2017-07-20 10:49:13]SELECT * FROM `y1_borrow` WHERE `id`='1383'
[2017-07-20 10:49:13]SELECT * FROM `y1_borrow` WHERE `id`='1384'
[2017-07-20 10:49:13]SELECT * FROM `y1_borrow` WHERE `id`='1385'
[2017-07-20 10:49:13]SELECT * FROM `y1_borrow` WHERE `id`='1386'
[2017-07-20 10:49:13]SELECT * FROM `y1_borrow` WHERE `id`='1387'
[2017-07-20 10:49:13]SELECT * FROM `y1_borrow` WHERE `id`='1388'
[2017-07-20 10:49:13]SELECT * FROM `y1_borrow` WHERE `id`='1389'
[2017-07-20 10:49:13]SELECT * FROM `y1_borrow` WHERE `id`='1390'
[2017-07-20 10:49:13]SELECT * FROM `y1_borrow` WHERE `id`='1391'
[2017-07-20 10:49:13]SELECT * FROM `y1_borrow` WHERE `id`='1392'
[2017-07-20 10:49:13]SELECT * FROM `y1_borrow` WHERE `id`='1393'
[2017-07-20 10:49:13]SELECT * FROM `y1_borrow` WHERE `id`='1394'
[2017-07-20 10:49:13]SELECT * FROM `y1_borrow` WHERE `id`='1412'
[2017-07-20 10:49:13]SELECT * FROM `y1_borrow` WHERE `id`='1413'
[2017-07-20 10:49:13]SELECT * FROM `y1_borrow` WHERE `id`='1417'
[2017-07-20 10:49:13]SELECT * FROM `y1_borrow` WHERE `id`='1421'
[2017-07-20 10:49:13]SELECT * FROM `y1_borrow` WHERE `id`='1503'
[2017-07-20 10:49:13]SELECT * FROM `y1_borrow` WHERE `id`='1507'
[2017-07-20 10:49:13]SELECT * FROM `y1_borrow` WHERE `id`='1508'
[2017-07-20 10:49:13]SELECT * FROM `y1_borrow` WHERE `id`='1510'
[2017-07-20 10:49:13]SELECT * FROM `y1_borrow` WHERE `id`='1511'
[2017-07-20 10:49:13]SELECT * FROM `y1_borrow` WHERE `id`='1512'
[2017-07-20 10:49:13]SELECT * FROM `y1_borrow` WHERE `id`='1513'
[2017-07-20 10:49:13]SELECT * FROM `y1_borrow` WHERE `id`='1515'
[2017-07-20 10:49:13]SELECT * FROM `y1_borrow` WHERE `id`='1516'
[2017-07-20 10:49:13]SELECT * FROM `y1_borrow` WHERE `id`='1517'
[2017-07-20 10:49:13]SELECT * FROM `y1_borrow` WHERE `id`='1518'
[2017-07-20 10:49:13]SELECT * FROM `y1_borrow` WHERE `id`='1519'
[2017-07-20 10:49:13]SELECT * FROM `y1_borrow` WHERE `id`='1520'
[2017-07-20 10:49:13]SELECT * FROM `y1_borrow` WHERE `id`='1521'
[2017-07-20 10:49:13]SELECT * FROM `y1_borrow` WHERE `id`='1522'
[2017-07-20 10:49:13]SELECT * FROM `y1_borrow` WHERE `id`='1523'
[2017-07-20 10:49:13]SELECT * FROM `y1_borrow` WHERE `id`='1524'
[2017-07-20 10:49:13]SELECT * FROM `y1_borrow` WHERE `id`='1525'
[2017-07-20 10:49:13]SELECT * FROM `y1_borrow` WHERE `id`='1555'
[2017-07-20 10:49:13]SELECT * FROM `y1_borrow` WHERE `id`='1575'
[2017-07-20 10:49:13]SELECT * FROM `y1_borrow` WHERE `id`='1625'
[2017-07-20 10:49:13]SELECT * FROM `y1_borrow` WHERE `id`='1682'
[2017-07-20 10:49:13]SELECT * FROM `y1_borrow` WHERE `id`='17269'
[2017-07-20 10:49:13]SELECT * FROM `y1_borrow` WHERE `id`='172768'
[2017-07-20 10:49:13]SELECT * FROM `y1_borrow` WHERE `id`='172769'
[2017-07-20 10:49:13]SELECT * FROM `y1_borrow` WHERE `id`='172775'
[2017-07-20 10:49:13]SELECT * FROM `y1_borrow` WHERE `id`='172830'
[2017-07-20 10:49:13]SELECT * FROM `y1_borrow` WHERE `id`='172846'
[2017-07-20 10:49:13]SELECT * FROM `y1_yyy_borrow` WHERE `borrow_status`='发布'
[2017-07-20 10:49:13]SELECT COUNT(0) FROM `y1_borrow_order` WHERE `money_status`='未满标' AND `borrow_status`='发布' AND `is_show`='是' and `is_wap`='否' and `interest_rate`<='未满标'
[2017-07-20 10:49:13]SELECT COUNT(0) FROM `y1_borrow_order` WHERE `money_status`='未满标' AND `borrow_status`='发布' AND `is_show`='是' and `is_wap`='否' and `interest_rate`<='未满标'
[2017-07-20 10:49:13]SELECT COUNT(0) FROM `y1_borrow_order` WHERE `money_status`='未满标' AND `borrow_status`='发布' AND `is_show`='是' and `is_wap`='否' and `interest_rate`<='未满标'
[2017-07-20 10:49:13]SELECT COUNT(0) FROM `y1_borrow_order` WHERE `money_status`='未满标' AND `borrow_status`='发布' AND `is_show`='是' and `is_wap`='否' and `interest_rate`<='未满标'
[2017-07-20 10:49:13]SELECT * FROM `y1_yyy_borrow` WHERE `borrow_status`='发布'
[2017-07-20 10:49:13]SELECT * FROM `y1_borrow` WHERE `borrow_status`='发布' and `borrow_status`='发布' and `borrow_type`='新手标' ORDER BY  id ASC 
[2017-07-20 10:49:13]SELECT * FROM `y1_borrow` WHERE `id`='1355'
[2017-07-20 10:49:13]SELECT * FROM `y1_borrow` WHERE `id`='1356'
[2017-07-20 10:49:13]SELECT * FROM `y1_borrow` WHERE `id`='1362'
[2017-07-20 10:49:13]SELECT * FROM `y1_borrow` WHERE `id`='1367'
[2017-07-20 10:49:13]SELECT * FROM `y1_borrow` WHERE `id`='1370'
[2017-07-20 10:49:13]SELECT * FROM `y1_borrow` WHERE `id`='1373'
[2017-07-20 10:49:13]SELECT * FROM `y1_borrow` WHERE `id`='1375'
[2017-07-20 10:49:13]SELECT * FROM `y1_borrow` WHERE `id`='1380'
[2017-07-20 10:49:13]SELECT * FROM `y1_borrow` WHERE `id`='1383'
[2017-07-20 10:49:13]SELECT * FROM `y1_borrow` WHERE `id`='1384'
[2017-07-20 10:49:13]SELECT * FROM `y1_borrow` WHERE `id`='1385'
[2017-07-20 10:49:13]SELECT * FROM `y1_borrow` WHERE `id`='1386'
[2017-07-20 10:49:13]SELECT * FROM `y1_borrow` WHERE `id`='1387'
[2017-07-20 10:49:13]SELECT * FROM `y1_borrow` WHERE `id`='1388'
[2017-07-20 10:49:13]SELECT * FROM `y1_borrow` WHERE `id`='1389'
[2017-07-20 10:49:13]SELECT * FROM `y1_borrow` WHERE `id`='1390'
[2017-07-20 10:49:13]SELECT * FROM `y1_borrow` WHERE `id`='1391'
[2017-07-20 10:49:13]SELECT * FROM `y1_borrow` WHERE `id`='1392'
[2017-07-20 10:49:13]SELECT * FROM `y1_borrow` WHERE `id`='1393'
[2017-07-20 10:49:13]SELECT * FROM `y1_borrow` WHERE `id`='1394'
[2017-07-20 10:49:13]SELECT * FROM `y1_borrow` WHERE `id`='1412'
[2017-07-20 10:49:13]SELECT * FROM `y1_borrow` WHERE `id`='1413'
[2017-07-20 10:49:13]SELECT * FROM `y1_borrow` WHERE `id`='1417'
[2017-07-20 10:49:13]SELECT * FROM `y1_borrow` WHERE `id`='1421'
[2017-07-20 10:49:13]SELECT * FROM `y1_borrow` WHERE `id`='1503'
[2017-07-20 10:49:13]SELECT * FROM `y1_borrow` WHERE `id`='1507'
[2017-07-20 10:49:13]SELECT * FROM `y1_borrow` WHERE `id`='1508'
[2017-07-20 10:49:13]SELECT * FROM `y1_borrow` WHERE `id`='1510'
[2017-07-20 10:49:13]SELECT * FROM `y1_borrow` WHERE `id`='1511'
[2017-07-20 10:49:13]SELECT * FROM `y1_borrow` WHERE `id`='1512'
[2017-07-20 10:49:13]SELECT * FROM `y1_borrow` WHERE `id`='1513'
[2017-07-20 10:49:13]SELECT * FROM `y1_borrow` WHERE `id`='1515'
[2017-07-20 10:49:13]SELECT * FROM `y1_borrow` WHERE `id`='1516'
[2017-07-20 10:49:13]SELECT * FROM `y1_borrow` WHERE `id`='1517'
[2017-07-20 10:49:13]SELECT * FROM `y1_borrow` WHERE `id`='1518'
[2017-07-20 10:49:13]SELECT * FROM `y1_borrow` WHERE `id`='1519'
[2017-07-20 10:49:13]SELECT * FROM `y1_borrow` WHERE `id`='1520'
[2017-07-20 10:49:13]SELECT * FROM `y1_borrow` WHERE `id`='1521'
[2017-07-20 10:49:13]SELECT * FROM `y1_borrow` WHERE `id`='1522'
[2017-07-20 10:49:13]SELECT * FROM `y1_borrow` WHERE `id`='1523'
[2017-07-20 10:49:13]SELECT * FROM `y1_borrow` WHERE `id`='1524'
[2017-07-20 10:49:13]SELECT * FROM `y1_borrow` WHERE `id`='1525'
[2017-07-20 10:49:13]SELECT * FROM `y1_borrow` WHERE `id`='1555'
[2017-07-20 10:49:13]SELECT * FROM `y1_borrow` WHERE `id`='1575'
[2017-07-20 10:49:13]SELECT * FROM `y1_borrow` WHERE `id`='1625'
[2017-07-20 10:49:13]SELECT * FROM `y1_borrow` WHERE `id`='1682'
[2017-07-20 10:49:13]SELECT * FROM `y1_borrow` WHERE `id`='17269'
[2017-07-20 10:49:13]SELECT * FROM `y1_borrow` WHERE `id`='172768'
[2017-07-20 10:49:13]SELECT * FROM `y1_borrow` WHERE `id`='172769'
[2017-07-20 10:49:13]SELECT * FROM `y1_borrow` WHERE `id`='172775'
[2017-07-20 10:49:13]SELECT * FROM `y1_borrow` WHERE `id`='172830'
[2017-07-20 10:49:13]SELECT * FROM `y1_borrow` WHERE `id`='172846'
[2017-07-20 10:49:13]SELECT COUNT(0) FROM `y1_borrow` WHERE `borrow_type`='vip' AND `borrow_status`='发布'
[2017-07-20 10:49:13]SELECT min(start_time) AS start_time FROM y1_wdy_borrow WHERE is_show='是' AND borrow_status='发布' AND money_status = '未满标'
[2017-07-20 10:49:13]SELECT * FROM y1_wdy_borrow WHERE is_show='是' AND borrow_status='发布' AND money_status = '已满标' ORDER BY id DESC
[2017-07-20 10:50:01]SELECT * FROM `y1_hd_sign` WHERE `user_id`='2744' AND `sign_time`='2017-07-20 00:00:00'
[2017-07-20 10:50:01]SELECT COUNT(0) FROM `y1_appoint_borrow` WHERE `is_show`='是' AND `borrow_status`='发布'
[2017-07-20 10:50:01]SELECT * FROM `y1_appoint_borrow` WHERE `borrow_status`='发布' AND `is_show`='是' ORDER BY add_time desc LIMIT 0,10
[2017-07-20 10:50:01]SELECT COUNT(0) FROM `y1_appoint_borrow` WHERE `borrow_status`='发布' AND `is_show`='是'
[2017-07-20 10:50:01]SELECT interest_end_time,invest_status FROM `y1_appoint_borrow_invest` WHERE `borrow_id`='607'
[2017-07-20 10:50:01]SELECT interest_end_time,invest_status FROM `y1_appoint_borrow_invest` WHERE `borrow_id`='605'
[2017-07-20 10:50:01]SELECT interest_end_time,invest_status FROM `y1_appoint_borrow_invest` WHERE `borrow_id`='606'
[2017-07-20 10:50:01]SELECT interest_end_time,invest_status FROM `y1_appoint_borrow_invest` WHERE `borrow_id`='610'
[2017-07-20 10:50:01]SELECT interest_end_time,invest_status FROM `y1_appoint_borrow_invest` WHERE `borrow_id`='609'
[2017-07-20 10:50:01]SELECT interest_end_time,invest_status FROM `y1_appoint_borrow_invest` WHERE `borrow_id`='608'
[2017-07-20 10:50:01]SELECT interest_end_time,invest_status FROM `y1_appoint_borrow_invest` WHERE `borrow_id`='599'
[2017-07-20 10:50:01]SELECT interest_end_time,invest_status FROM `y1_appoint_borrow_invest` WHERE `borrow_id`='604'
[2017-07-20 10:50:01]SELECT interest_end_time,invest_status FROM `y1_appoint_borrow_invest` WHERE `borrow_id`='603'
[2017-07-20 10:50:01]SELECT interest_end_time,invest_status FROM `y1_appoint_borrow_invest` WHERE `borrow_id`='602'
[2017-07-20 10:50:01]SELECT * FROM `y1_borrow` WHERE `borrow_status`='发布' and `borrow_status`='发布' and `borrow_type`='新手标' ORDER BY  id ASC 
[2017-07-20 10:50:01]SELECT * FROM `y1_borrow` WHERE `id`='1355'
[2017-07-20 10:50:01]SELECT * FROM `y1_borrow` WHERE `id`='1356'
[2017-07-20 10:50:01]SELECT * FROM `y1_borrow` WHERE `id`='1362'
[2017-07-20 10:50:01]SELECT * FROM `y1_borrow` WHERE `id`='1367'
[2017-07-20 10:50:01]SELECT * FROM `y1_borrow` WHERE `id`='1370'
[2017-07-20 10:50:01]SELECT * FROM `y1_borrow` WHERE `id`='1373'
[2017-07-20 10:50:01]SELECT * FROM `y1_borrow` WHERE `id`='1375'
[2017-07-20 10:50:01]SELECT * FROM `y1_borrow` WHERE `id`='1380'
[2017-07-20 10:50:01]SELECT * FROM `y1_borrow` WHERE `id`='1383'
[2017-07-20 10:50:01]SELECT * FROM `y1_borrow` WHERE `id`='1384'
[2017-07-20 10:50:01]SELECT * FROM `y1_borrow` WHERE `id`='1385'
[2017-07-20 10:50:01]SELECT * FROM `y1_borrow` WHERE `id`='1386'
[2017-07-20 10:50:01]SELECT * FROM `y1_borrow` WHERE `id`='1387'
[2017-07-20 10:50:01]SELECT * FROM `y1_borrow` WHERE `id`='1388'
[2017-07-20 10:50:01]SELECT * FROM `y1_borrow` WHERE `id`='1389'
[2017-07-20 10:50:01]SELECT * FROM `y1_borrow` WHERE `id`='1390'
[2017-07-20 10:50:01]SELECT * FROM `y1_borrow` WHERE `id`='1391'
[2017-07-20 10:50:01]SELECT * FROM `y1_borrow` WHERE `id`='1392'
[2017-07-20 10:50:01]SELECT * FROM `y1_borrow` WHERE `id`='1393'
[2017-07-20 10:50:01]SELECT * FROM `y1_borrow` WHERE `id`='1394'
[2017-07-20 10:50:01]SELECT * FROM `y1_borrow` WHERE `id`='1412'
[2017-07-20 10:50:01]SELECT * FROM `y1_borrow` WHERE `id`='1413'
[2017-07-20 10:50:01]SELECT * FROM `y1_borrow` WHERE `id`='1417'
[2017-07-20 10:50:01]SELECT * FROM `y1_borrow` WHERE `id`='1421'
[2017-07-20 10:50:01]SELECT * FROM `y1_borrow` WHERE `id`='1503'
[2017-07-20 10:50:01]SELECT * FROM `y1_borrow` WHERE `id`='1507'
[2017-07-20 10:50:01]SELECT * FROM `y1_borrow` WHERE `id`='1508'
[2017-07-20 10:50:01]SELECT * FROM `y1_borrow` WHERE `id`='1510'
[2017-07-20 10:50:01]SELECT * FROM `y1_borrow` WHERE `id`='1511'
[2017-07-20 10:50:01]SELECT * FROM `y1_borrow` WHERE `id`='1512'
[2017-07-20 10:50:01]SELECT * FROM `y1_borrow` WHERE `id`='1513'
[2017-07-20 10:50:01]SELECT * FROM `y1_borrow` WHERE `id`='1515'
[2017-07-20 10:50:01]SELECT * FROM `y1_borrow` WHERE `id`='1516'
[2017-07-20 10:50:01]SELECT * FROM `y1_borrow` WHERE `id`='1517'
[2017-07-20 10:50:01]SELECT * FROM `y1_borrow` WHERE `id`='1518'
[2017-07-20 10:50:01]SELECT * FROM `y1_borrow` WHERE `id`='1519'
[2017-07-20 10:50:01]SELECT * FROM `y1_borrow` WHERE `id`='1520'
[2017-07-20 10:50:01]SELECT * FROM `y1_borrow` WHERE `id`='1521'
[2017-07-20 10:50:01]SELECT * FROM `y1_borrow` WHERE `id`='1522'
[2017-07-20 10:50:01]SELECT * FROM `y1_borrow` WHERE `id`='1523'
[2017-07-20 10:50:01]SELECT * FROM `y1_borrow` WHERE `id`='1524'
[2017-07-20 10:50:01]SELECT * FROM `y1_borrow` WHERE `id`='1525'
[2017-07-20 10:50:01]SELECT * FROM `y1_borrow` WHERE `id`='1555'
[2017-07-20 10:50:01]SELECT * FROM `y1_borrow` WHERE `id`='1575'
[2017-07-20 10:50:01]SELECT * FROM `y1_borrow` WHERE `id`='1625'
[2017-07-20 10:50:01]SELECT * FROM `y1_borrow` WHERE `id`='1682'
[2017-07-20 10:50:01]SELECT * FROM `y1_borrow` WHERE `id`='17269'
[2017-07-20 10:50:01]SELECT * FROM `y1_borrow` WHERE `id`='172768'
[2017-07-20 10:50:01]SELECT * FROM `y1_borrow` WHERE `id`='172769'
[2017-07-20 10:50:01]SELECT * FROM `y1_borrow` WHERE `id`='172775'
[2017-07-20 10:50:01]SELECT * FROM `y1_borrow` WHERE `id`='172830'
[2017-07-20 10:50:01]SELECT * FROM `y1_borrow` WHERE `id`='172846'
[2017-07-20 10:50:01]SELECT * FROM `y1_yyy_borrow` WHERE `borrow_status`='发布'
[2017-07-20 10:50:01]SELECT * FROM `y1_yyy_borrow` WHERE `borrow_status`='发布'
[2017-07-20 10:50:01]SELECT * FROM `y1_borrow` WHERE `borrow_status`='发布' and `borrow_status`='发布' and `borrow_type`='新手标' ORDER BY  id ASC 
[2017-07-20 10:50:01]SELECT * FROM `y1_borrow` WHERE `id`='1355'
[2017-07-20 10:50:01]SELECT * FROM `y1_borrow` WHERE `id`='1356'
[2017-07-20 10:50:01]SELECT * FROM `y1_borrow` WHERE `id`='1362'
[2017-07-20 10:50:01]SELECT * FROM `y1_borrow` WHERE `id`='1367'
[2017-07-20 10:50:01]SELECT * FROM `y1_borrow` WHERE `id`='1370'
[2017-07-20 10:50:01]SELECT * FROM `y1_borrow` WHERE `id`='1373'
[2017-07-20 10:50:01]SELECT * FROM `y1_borrow` WHERE `id`='1375'
[2017-07-20 10:50:01]SELECT * FROM `y1_borrow` WHERE `id`='1380'
[2017-07-20 10:50:01]SELECT * FROM `y1_borrow` WHERE `id`='1383'
[2017-07-20 10:50:01]SELECT * FROM `y1_borrow` WHERE `id`='1384'
[2017-07-20 10:50:01]SELECT * FROM `y1_borrow` WHERE `id`='1385'
[2017-07-20 10:50:01]SELECT * FROM `y1_borrow` WHERE `id`='1386'
[2017-07-20 10:50:01]SELECT * FROM `y1_borrow` WHERE `id`='1387'
[2017-07-20 10:50:01]SELECT * FROM `y1_borrow` WHERE `id`='1388'
[2017-07-20 10:50:01]SELECT * FROM `y1_borrow` WHERE `id`='1389'
[2017-07-20 10:50:01]SELECT * FROM `y1_borrow` WHERE `id`='1390'
[2017-07-20 10:50:01]SELECT * FROM `y1_borrow` WHERE `id`='1391'
[2017-07-20 10:50:01]SELECT * FROM `y1_borrow` WHERE `id`='1392'
[2017-07-20 10:50:01]SELECT * FROM `y1_borrow` WHERE `id`='1393'
[2017-07-20 10:50:01]SELECT * FROM `y1_borrow` WHERE `id`='1394'
[2017-07-20 10:50:01]SELECT * FROM `y1_borrow` WHERE `id`='1412'
[2017-07-20 10:50:01]SELECT * FROM `y1_borrow` WHERE `id`='1413'
[2017-07-20 10:50:01]SELECT * FROM `y1_borrow` WHERE `id`='1417'
[2017-07-20 10:50:01]SELECT * FROM `y1_borrow` WHERE `id`='1421'
[2017-07-20 10:50:01]SELECT * FROM `y1_borrow` WHERE `id`='1503'
[2017-07-20 10:50:01]SELECT * FROM `y1_borrow` WHERE `id`='1507'
[2017-07-20 10:50:01]SELECT * FROM `y1_borrow` WHERE `id`='1508'
[2017-07-20 10:50:01]SELECT * FROM `y1_borrow` WHERE `id`='1510'
[2017-07-20 10:50:01]SELECT * FROM `y1_borrow` WHERE `id`='1511'
[2017-07-20 10:50:01]SELECT * FROM `y1_borrow` WHERE `id`='1512'
[2017-07-20 10:50:01]SELECT * FROM `y1_borrow` WHERE `id`='1513'
[2017-07-20 10:50:01]SELECT * FROM `y1_borrow` WHERE `id`='1515'
[2017-07-20 10:50:01]SELECT * FROM `y1_borrow` WHERE `id`='1516'
[2017-07-20 10:50:01]SELECT * FROM `y1_borrow` WHERE `id`='1517'
[2017-07-20 10:50:01]SELECT * FROM `y1_borrow` WHERE `id`='1518'
[2017-07-20 10:50:01]SELECT * FROM `y1_borrow` WHERE `id`='1519'
[2017-07-20 10:50:01]SELECT * FROM `y1_borrow` WHERE `id`='1520'
[2017-07-20 10:50:01]SELECT * FROM `y1_borrow` WHERE `id`='1521'
[2017-07-20 10:50:01]SELECT * FROM `y1_borrow` WHERE `id`='1522'
[2017-07-20 10:50:01]SELECT * FROM `y1_borrow` WHERE `id`='1523'
[2017-07-20 10:50:01]SELECT * FROM `y1_borrow` WHERE `id`='1524'
[2017-07-20 10:50:01]SELECT * FROM `y1_borrow` WHERE `id`='1525'
[2017-07-20 10:50:01]SELECT * FROM `y1_borrow` WHERE `id`='1555'
[2017-07-20 10:50:01]SELECT * FROM `y1_borrow` WHERE `id`='1575'
[2017-07-20 10:50:01]SELECT * FROM `y1_borrow` WHERE `id`='1625'
[2017-07-20 10:50:01]SELECT * FROM `y1_borrow` WHERE `id`='1682'
[2017-07-20 10:50:01]SELECT * FROM `y1_borrow` WHERE `id`='17269'
[2017-07-20 10:50:01]SELECT * FROM `y1_borrow` WHERE `id`='172768'
[2017-07-20 10:50:01]SELECT * FROM `y1_borrow` WHERE `id`='172769'
[2017-07-20 10:50:01]SELECT * FROM `y1_borrow` WHERE `id`='172775'
[2017-07-20 10:50:01]SELECT * FROM `y1_borrow` WHERE `id`='172830'
[2017-07-20 10:50:01]SELECT * FROM `y1_borrow` WHERE `id`='172846'
[2017-07-20 10:50:01]SELECT COUNT(0) FROM `y1_borrow` WHERE `borrow_type`='vip' AND `borrow_status`='发布'
[2017-07-20 10:50:01]SELECT min(start_time) AS start_time FROM y1_wdy_borrow WHERE is_show='是' AND borrow_status='发布' AND money_status = '未满标'
[2017-07-20 10:50:01]SELECT * FROM y1_wdy_borrow WHERE is_show='是' AND borrow_status='发布' AND money_status = '已满标' ORDER BY id DESC
[2017-07-20 10:50:03]SELECT * FROM `y1_hd_sign` WHERE `user_id`='2744' AND `sign_time`='2017-07-20 00:00:00'
[2017-07-20 10:50:03]SELECT * FROM `y1_appoint_borrow` WHERE `id`='610'
[2017-07-20 10:50:03]SELECT * FROM `y1_project` WHERE `id`='105'
[2017-07-20 10:50:03]SELECT * FROM `y1_appoint_borrow_invest` WHERE `borrow_id`='610' ORDER BY id desc LIMIT 0,20
[2017-07-20 10:50:03]SELECT COUNT(0) FROM `y1_appoint_borrow_invest` WHERE `borrow_id`='610'
[2017-07-20 10:50:03]SELECT * FROM `y1_user` WHERE `id`='2744'
[2017-07-20 10:50:03]SELECT * FROM `y1_new_account` WHERE `user_id`='2744'
[2017-07-20 10:50:03]SELECT * FROM `y1_user` WHERE `id`='2744'
[2017-07-20 10:50:03]SELECT * FROM `y1_associated_company` WHERE `id`='24'
[2017-07-20 10:50:03]SELECT * FROM `y1_associated_company` WHERE `id`='22'
[2017-07-20 10:50:03]SELECT * FROM `y1_associated_company` WHERE `id`='26'
[2017-07-20 10:50:03]SELECT * FROM `y1_appoint_borrow_invest` WHERE `user_id`='2744' AND `borrow_id`='610' ORDER BY id desc LIMIT 0,20
[2017-07-20 10:50:03]SELECT COUNT(0) FROM `y1_appoint_borrow_invest` WHERE `user_id`='2744' AND `borrow_id`='610'
[2017-07-20 10:50:03]select a.id,a.money,b.need_invest_money,b.borrow_type, c.mixed_use from y1_red_bag_log a left join y1_red_bag_use_rule b on a.rule_id=b.id left join y1_red_bag c on a.red_bag_id=c.id where a.user_id = 2744 and a.use_status = '未使用'  and c.end_time >= '2017-07-20 10:50:03' and c.start_time <= '2017-07-20 10:50:03' and b.borrow_type like '%私人尊享%' ORDER BY a.money ASC
[2017-07-20 10:50:03]SELECT * FROM `y1_yyy_borrow` WHERE `borrow_status`='发布'
[2017-07-20 10:50:03]SELECT * FROM `y1_borrow` WHERE `borrow_status`='发布' and `borrow_status`='发布' and `borrow_type`='新手标' ORDER BY  id ASC 
[2017-07-20 10:50:03]SELECT * FROM `y1_borrow` WHERE `id`='1355'
[2017-07-20 10:50:03]SELECT * FROM `y1_borrow` WHERE `id`='1356'
[2017-07-20 10:50:03]SELECT * FROM `y1_borrow` WHERE `id`='1362'
[2017-07-20 10:50:03]SELECT * FROM `y1_borrow` WHERE `id`='1367'
[2017-07-20 10:50:03]SELECT * FROM `y1_borrow` WHERE `id`='1370'
[2017-07-20 10:50:03]SELECT * FROM `y1_borrow` WHERE `id`='1373'
[2017-07-20 10:50:03]SELECT * FROM `y1_borrow` WHERE `id`='1375'
[2017-07-20 10:50:03]SELECT * FROM `y1_borrow` WHERE `id`='1380'
[2017-07-20 10:50:03]SELECT * FROM `y1_borrow` WHERE `id`='1383'
[2017-07-20 10:50:03]SELECT * FROM `y1_borrow` WHERE `id`='1384'
[2017-07-20 10:50:03]SELECT * FROM `y1_borrow` WHERE `id`='1385'
[2017-07-20 10:50:03]SELECT * FROM `y1_borrow` WHERE `id`='1386'
[2017-07-20 10:50:03]SELECT * FROM `y1_borrow` WHERE `id`='1387'
[2017-07-20 10:50:03]SELECT * FROM `y1_borrow` WHERE `id`='1388'
[2017-07-20 10:50:03]SELECT * FROM `y1_borrow` WHERE `id`='1389'
[2017-07-20 10:50:03]SELECT * FROM `y1_borrow` WHERE `id`='1390'
[2017-07-20 10:50:03]SELECT * FROM `y1_borrow` WHERE `id`='1391'
[2017-07-20 10:50:03]SELECT * FROM `y1_borrow` WHERE `id`='1392'
[2017-07-20 10:50:03]SELECT * FROM `y1_borrow` WHERE `id`='1393'
[2017-07-20 10:50:03]SELECT * FROM `y1_borrow` WHERE `id`='1394'
[2017-07-20 10:50:03]SELECT * FROM `y1_borrow` WHERE `id`='1412'
[2017-07-20 10:50:03]SELECT * FROM `y1_borrow` WHERE `id`='1413'
[2017-07-20 10:50:03]SELECT * FROM `y1_borrow` WHERE `id`='1417'
[2017-07-20 10:50:03]SELECT * FROM `y1_borrow` WHERE `id`='1421'
[2017-07-20 10:50:03]SELECT * FROM `y1_borrow` WHERE `id`='1503'
[2017-07-20 10:50:03]SELECT * FROM `y1_borrow` WHERE `id`='1507'
[2017-07-20 10:50:03]SELECT * FROM `y1_borrow` WHERE `id`='1508'
[2017-07-20 10:50:03]SELECT * FROM `y1_borrow` WHERE `id`='1510'
[2017-07-20 10:50:03]SELECT * FROM `y1_borrow` WHERE `id`='1511'
[2017-07-20 10:50:04]SELECT * FROM `y1_borrow` WHERE `id`='1512'
[2017-07-20 10:50:04]SELECT * FROM `y1_borrow` WHERE `id`='1513'
[2017-07-20 10:50:04]SELECT * FROM `y1_borrow` WHERE `id`='1515'
[2017-07-20 10:50:04]SELECT * FROM `y1_borrow` WHERE `id`='1516'
[2017-07-20 10:50:04]SELECT * FROM `y1_borrow` WHERE `id`='1517'
[2017-07-20 10:50:04]SELECT * FROM `y1_borrow` WHERE `id`='1518'
[2017-07-20 10:50:04]SELECT * FROM `y1_borrow` WHERE `id`='1519'
[2017-07-20 10:50:04]SELECT * FROM `y1_borrow` WHERE `id`='1520'
[2017-07-20 10:50:04]SELECT * FROM `y1_borrow` WHERE `id`='1521'
[2017-07-20 10:50:04]SELECT * FROM `y1_borrow` WHERE `id`='1522'
[2017-07-20 10:50:04]SELECT * FROM `y1_borrow` WHERE `id`='1523'
[2017-07-20 10:50:04]SELECT * FROM `y1_borrow` WHERE `id`='1524'
[2017-07-20 10:50:04]SELECT * FROM `y1_borrow` WHERE `id`='1525'
[2017-07-20 10:50:04]SELECT * FROM `y1_borrow` WHERE `id`='1555'
[2017-07-20 10:50:04]SELECT * FROM `y1_borrow` WHERE `id`='1575'
[2017-07-20 10:50:04]SELECT * FROM `y1_borrow` WHERE `id`='1625'
[2017-07-20 10:50:04]SELECT * FROM `y1_borrow` WHERE `id`='1682'
[2017-07-20 10:50:04]SELECT * FROM `y1_borrow` WHERE `id`='17269'
[2017-07-20 10:50:04]SELECT * FROM `y1_borrow` WHERE `id`='172768'
[2017-07-20 10:50:04]SELECT * FROM `y1_borrow` WHERE `id`='172769'
[2017-07-20 10:50:04]SELECT * FROM `y1_borrow` WHERE `id`='172775'
[2017-07-20 10:50:04]SELECT * FROM `y1_borrow` WHERE `id`='172830'
[2017-07-20 10:50:04]SELECT * FROM `y1_borrow` WHERE `id`='172846'
[2017-07-20 10:50:04]SELECT COUNT(0) FROM `y1_borrow` WHERE `borrow_type`='vip' AND `borrow_status`='发布'
[2017-07-20 10:50:04]SELECT min(start_time) AS start_time FROM y1_wdy_borrow WHERE is_show='是' AND borrow_status='发布' AND money_status = '未满标'
[2017-07-20 10:50:04]SELECT * FROM y1_wdy_borrow WHERE is_show='是' AND borrow_status='发布' AND money_status = '已满标' ORDER BY id DESC
